\BOOKMARK [0][-]{idx_resumen.0}{Resumen}{}% 1
\BOOKMARK [0][-]{idx_abstract.0}{Abstract}{}% 2
\BOOKMARK [0][-]{idx_agrad.0}{Agradecimientos}{}% 3
\BOOKMARK [0][-]{idx_toc.0}{\315ndice general}{}% 4
\BOOKMARK [0][-]{section*.7}{\315ndice de figuras}{}% 5
\BOOKMARK [0][-]{section*.9}{\315ndice de tablas}{}% 6
\BOOKMARK [0][-]{section*.11}{\315ndice de listados}{}% 7
\BOOKMARK [0][-]{section*.13}{\315ndice de algoritmos}{}% 8
\BOOKMARK [0][-]{chapter.1}{1 Introducci\363n}{}% 9
\BOOKMARK [1][-]{section.1.1}{1.1 Ejemplos de listas}{chapter.1}% 10
\BOOKMARK [1][-]{section.1.2}{1.2 Ejemplos de tablas}{chapter.1}% 11
\BOOKMARK [1][-]{section.1.3}{1.3 Ejemplos de figuras}{chapter.1}% 12
\BOOKMARK [1][-]{section.1.4}{1.4 Ejemplos de listados}{chapter.1}% 13
\BOOKMARK [2][-]{subsection.1.4.1}{1.4.1 Algoritmos con el paquete algorithm2e}{section.1.4}% 14
\BOOKMARK [1][-]{section.1.5}{1.5 Men\372s, paths y teclas con el paquete menukeys}{chapter.1}% 15
\BOOKMARK [0][-]{chapter.2}{2 Objetivo}{}% 16
\BOOKMARK [0][-]{chapter.3}{3 Propuesta}{}% 17
\BOOKMARK [1][-]{section.3.1}{3.1 Sistema experto}{chapter.3}% 18
\BOOKMARK [2][-]{subsection.3.1.1}{3.1.1 Caracter\355sticas del sistema experto}{section.3.1}% 19
\BOOKMARK [2][-]{subsection.3.1.2}{3.1.2 Estudio de viabilidad}{section.3.1}% 20
\BOOKMARK [2][-]{subsection.3.1.3}{3.1.3 Adquisici\363n del conocimiento}{section.3.1}% 21
\BOOKMARK [2][-]{subsection.3.1.4}{3.1.4 Implantaci\363n}{section.3.1}% 22
\BOOKMARK [2][-]{subsection.3.1.5}{3.1.5 Evaluaci\363n y pruebas}{section.3.1}% 23
\BOOKMARK [2][-]{subsection.3.1.6}{3.1.6 Motor de inferencia}{section.3.1}% 24
\BOOKMARK [0][-]{chapter.4}{4 Evaluaci\363n}{}% 25
\BOOKMARK [1][-]{section.4.1}{4.1 Caracter\355sticas del sistema experto}{chapter.4}% 26
\BOOKMARK [1][-]{section.4.2}{4.2 Estudio de viabilidad}{chapter.4}% 27
\BOOKMARK [0][-]{chapter.5}{5 Metodolog\355a}{}% 28
\BOOKMARK [0][-]{chapter.6}{6 Resultados}{}% 29
\BOOKMARK [0][-]{chapter.7}{7 Conclusiones}{}% 30
\BOOKMARK [0][-]{appendix.Alph1}{A El primer anexo}{}% 31
